<?xml version="1.0" encoding="UTF-8"?>
<coverage generated="1592279347094" clover="3.2.0">
  <project timestamp="1592279347094" name="All files">
    <metrics statements="46" coveredstatements="41" conditionals="10" coveredconditionals="6" methods="13" coveredmethods="11" elements="69" coveredelements="58" complexity="0" loc="46" ncloc="46" packages="1" files="2" classes="2"/>
    <file name="main.js" path="D:\LABORATORIA\LIM012-fe-md-links\src\main.js">
      <metrics statements="35" coveredstatements="35" conditionals="6" coveredconditionals="6" methods="9" coveredmethods="9"/>
      <line num="1" count="2" type="stmt"/>
      <line num="2" count="2" type="stmt"/>
      <line num="3" count="2" type="stmt"/>
      <line num="4" count="2" type="stmt"/>
      <line num="7" count="4" type="stmt"/>
      <line num="8" count="2" type="stmt"/>
      <line num="11" count="43" type="cond" truecount="2" falsecount="0"/>
      <line num="12" count="2" type="stmt"/>
      <line num="15" count="43" type="stmt"/>
      <line num="16" count="2" type="stmt"/>
      <line num="19" count="31" type="stmt"/>
      <line num="20" count="2" type="stmt"/>
      <line num="23" count="2" type="stmt"/>
      <line num="24" count="39" type="stmt"/>
      <line num="25" count="39" type="stmt"/>
      <line num="26" count="39" type="cond" truecount="2" falsecount="0"/>
      <line num="27" count="27" type="cond" truecount="2" falsecount="0"/>
      <line num="28" count="15" type="stmt"/>
      <line num="31" count="12" type="stmt"/>
      <line num="33" count="12" type="stmt"/>
      <line num="34" count="30" type="stmt"/>
      <line num="35" count="30" type="stmt"/>
      <line num="38" count="39" type="stmt"/>
      <line num="40" count="2" type="stmt"/>
      <line num="43" count="2" type="stmt"/>
      <line num="44" count="4" type="stmt"/>
      <line num="45" count="4" type="stmt"/>
      <line num="46" count="4" type="stmt"/>
      <line num="47" count="4" type="stmt"/>
      <line num="48" count="8" type="stmt"/>
      <line num="49" count="8" type="stmt"/>
      <line num="50" count="16" type="stmt"/>
      <line num="56" count="8" type="stmt"/>
      <line num="59" count="4" type="stmt"/>
      <line num="63" count="2" type="stmt"/>
    </file>
    <file name="validate.js" path="D:\LABORATORIA\LIM012-fe-md-links\src\validate.js">
      <metrics statements="11" coveredstatements="6" conditionals="4" coveredconditionals="0" methods="4" coveredmethods="2"/>
      <line num="1" count="1" type="stmt"/>
      <line num="2" count="1" type="stmt"/>
      <line num="4" count="1" type="stmt"/>
      <line num="5" count="1" type="stmt"/>
      <line num="6" count="1" type="stmt"/>
      <line num="8" count="0" type="cond" truecount="0" falsecount="4"/>
      <line num="9" count="0" type="stmt"/>
      <line num="15" count="0" type="stmt"/>
      <line num="21" count="0" type="stmt"/>
      <line num="27" count="0" type="stmt"/>
      <line num="32" count="1" type="stmt"/>
    </file>
  </project>
</coverage>
