{"D:\\LABORATORIA\\LIM012-fe-md-links\\src\\main.js": {"path":"D:\\LABORATORIA\\LIM012-fe-md-links\\src\\main.js","statementMap":{"0":{"start":{"line":1,"column":14},"end":{"line":1,"column":38}},"1":{"start":{"line":2,"column":11},"end":{"line":2,"column":24}},"2":{"start":{"line":3,"column":13},"end":{"line":3,"column":28}},"3":{"start":{"line":4,"column":15},"end":{"line":4,"column":32}},"4":{"start":{"line":7,"column":21},"end":{"line":7,"column":52}},"5":{"start":{"line":7,"column":32},"end":{"line":7,"column":52}},"6":{"start":{"line":8,"column":0},"end":{"line":8,"column":48}},"7":{"start":{"line":11,"column":25},"end":{"line":11,"column":90}},"8":{"start":{"line":11,"column":37},"end":{"line":11,"column":89}},"9":{"start":{"line":12,"column":0},"end":{"line":12,"column":53}},"10":{"start":{"line":15,"column":15},"end":{"line":15,"column":53}},"11":{"start":{"line":15,"column":26},"end":{"line":15,"column":53}},"12":{"start":{"line":16,"column":0},"end":{"line":16,"column":54}},"13":{"start":{"line":19,"column":17},"end":{"line":19,"column":59}},"14":{"start":{"line":19,"column":29},"end":{"line":19,"column":58}},"15":{"start":{"line":20,"column":0},"end":{"line":20,"column":43}},"16":{"start":{"line":23,"column":19},"end":{"line":39,"column":1}},"17":{"start":{"line":24,"column":20},"end":{"line":24,"column":22}},"18":{"start":{"line":25,"column":16},"end":{"line":25,"column":43}},"19":{"start":{"line":26,"column":2},"end":{"line":37,"column":3}},"20":{"start":{"line":27,"column":4},"end":{"line":29,"column":5}},"21":{"start":{"line":28,"column":6},"end":{"line":28,"column":30}},"22":{"start":{"line":31,"column":25},"end":{"line":31,"column":46}},"23":{"start":{"line":33,"column":4},"end":{"line":36,"column":7}},"24":{"start":{"line":34,"column":22},"end":{"line":34,"column":56}},"25":{"start":{"line":35,"column":6},"end":{"line":35,"column":48}},"26":{"start":{"line":38,"column":2},"end":{"line":38,"column":21}},"27":{"start":{"line":40,"column":0},"end":{"line":40,"column":45}},"28":{"start":{"line":43,"column":19},"end":{"line":60,"column":1}},"29":{"start":{"line":44,"column":23},"end":{"line":44,"column":40}},"30":{"start":{"line":45,"column":23},"end":{"line":45,"column":25}},"31":{"start":{"line":46,"column":19},"end":{"line":46,"column":40}},"32":{"start":{"line":47,"column":2},"end":{"line":58,"column":5}},"33":{"start":{"line":48,"column":17},"end":{"line":48,"column":61}},"34":{"start":{"line":49,"column":4},"end":{"line":55,"column":6}},"35":{"start":{"line":50,"column":6},"end":{"line":54,"column":9}},"36":{"start":{"line":56,"column":4},"end":{"line":56,"column":31}},"37":{"start":{"line":59,"column":2},"end":{"line":59,"column":22}},"38":{"start":{"line":61,"column":0},"end":{"line":61,"column":36}},"39":{"start":{"line":63,"column":0},"end":{"line":70,"column":2}}},"fnMap":{"0":{"name":"(anonymous_0)","decl":{"start":{"line":7,"column":21},"end":{"line":7,"column":22}},"loc":{"start":{"line":7,"column":32},"end":{"line":7,"column":52}},"line":7},"1":{"name":"(anonymous_1)","decl":{"start":{"line":11,"column":25},"end":{"line":11,"column":26}},"loc":{"start":{"line":11,"column":37},"end":{"line":11,"column":89}},"line":11},"2":{"name":"(anonymous_2)","decl":{"start":{"line":15,"column":15},"end":{"line":15,"column":16}},"loc":{"start":{"line":15,"column":26},"end":{"line":15,"column":53}},"line":15},"3":{"name":"(anonymous_3)","decl":{"start":{"line":19,"column":17},"end":{"line":19,"column":18}},"loc":{"start":{"line":19,"column":29},"end":{"line":19,"column":58}},"line":19},"4":{"name":"(anonymous_4)","decl":{"start":{"line":23,"column":19},"end":{"line":23,"column":20}},"loc":{"start":{"line":23,"column":34},"end":{"line":39,"column":1}},"line":23},"5":{"name":"(anonymous_5)","decl":{"start":{"line":33,"column":25},"end":{"line":33,"column":26}},"loc":{"start":{"line":33,"column":35},"end":{"line":36,"column":5}},"line":33},"6":{"name":"(anonymous_6)","decl":{"start":{"line":43,"column":19},"end":{"line":43,"column":20}},"loc":{"start":{"line":43,"column":30},"end":{"line":60,"column":1}},"line":43},"7":{"name":"(anonymous_7)","decl":{"start":{"line":47,"column":23},"end":{"line":47,"column":24}},"loc":{"start":{"line":47,"column":37},"end":{"line":58,"column":3}},"line":47},"8":{"name":"(anonymous_8)","decl":{"start":{"line":49,"column":20},"end":{"line":49,"column":21}},"loc":{"start":{"line":49,"column":45},"end":{"line":55,"column":5}},"line":49}},"branchMap":{"0":{"loc":{"start":{"line":11,"column":37},"end":{"line":11,"column":89}},"type":"cond-expr","locations":[{"start":{"line":11,"column":62},"end":{"line":11,"column":67}},{"start":{"line":11,"column":70},"end":{"line":11,"column":89}}],"line":11},"1":{"loc":{"start":{"line":26,"column":2},"end":{"line":37,"column":3}},"type":"if","locations":[{"start":{"line":26,"column":2},"end":{"line":37,"column":3}},{"start":{"line":26,"column":2},"end":{"line":37,"column":3}}],"line":26},"2":{"loc":{"start":{"line":27,"column":4},"end":{"line":29,"column":5}},"type":"if","locations":[{"start":{"line":27,"column":4},"end":{"line":29,"column":5}},{"start":{"line":27,"column":4},"end":{"line":29,"column":5}}],"line":27}},"s":{"0":1,"1":1,"2":1,"3":1,"4":1,"5":3,"6":1,"7":1,"8":41,"9":1,"10":1,"11":41,"12":1,"13":1,"14":29,"15":1,"16":1,"17":38,"18":38,"19":38,"20":26,"21":14,"22":12,"23":12,"24":30,"25":30,"26":38,"27":1,"28":1,"29":4,"30":4,"31":4,"32":4,"33":8,"34":8,"35":12,"36":8,"37":4,"38":1,"39":1},"f":{"0":3,"1":41,"2":41,"3":29,"4":38,"5":30,"6":4,"7":8,"8":12},"b":{"0":[31,10],"1":[26,12],"2":[14,12]},"_coverageSchema":"1a1c01bbd47fc00a2c39e90264f33305004495a9","hash":"6506727337c75087bd70df33a294d7882721b0de"}
}
