{"D:\\LABORATORIA\\LIM012-fe-md-links\\src\\main.js": {"path":"D:\\LABORATORIA\\LIM012-fe-md-links\\src\\main.js","statementMap":{"0":{"start":{"line":2,"column":11},"end":{"line":2,"column":24}},"1":{"start":{"line":3,"column":13},"end":{"line":3,"column":28}},"2":{"start":{"line":4,"column":15},"end":{"line":4,"column":32}},"3":{"start":{"line":7,"column":21},"end":{"line":7,"column":52}},"4":{"start":{"line":7,"column":32},"end":{"line":7,"column":52}},"5":{"start":{"line":11,"column":25},"end":{"line":11,"column":90}},"6":{"start":{"line":11,"column":37},"end":{"line":11,"column":89}},"7":{"start":{"line":15,"column":15},"end":{"line":15,"column":53}},"8":{"start":{"line":15,"column":26},"end":{"line":15,"column":53}},"9":{"start":{"line":19,"column":17},"end":{"line":19,"column":59}},"10":{"start":{"line":19,"column":29},"end":{"line":19,"column":58}},"11":{"start":{"line":23,"column":19},"end":{"line":39,"column":1}},"12":{"start":{"line":24,"column":20},"end":{"line":24,"column":22}},"13":{"start":{"line":25,"column":16},"end":{"line":25,"column":43}},"14":{"start":{"line":26,"column":2},"end":{"line":37,"column":3}},"15":{"start":{"line":27,"column":4},"end":{"line":29,"column":5}},"16":{"start":{"line":28,"column":6},"end":{"line":28,"column":30}},"17":{"start":{"line":31,"column":25},"end":{"line":31,"column":46}},"18":{"start":{"line":33,"column":4},"end":{"line":36,"column":7}},"19":{"start":{"line":34,"column":22},"end":{"line":34,"column":56}},"20":{"start":{"line":35,"column":6},"end":{"line":35,"column":48}},"21":{"start":{"line":38,"column":2},"end":{"line":38,"column":21}},"22":{"start":{"line":43,"column":19},"end":{"line":60,"column":1}},"23":{"start":{"line":44,"column":23},"end":{"line":44,"column":40}},"24":{"start":{"line":45,"column":19},"end":{"line":45,"column":40}},"25":{"start":{"line":46,"column":23},"end":{"line":46,"column":25}},"26":{"start":{"line":47,"column":2},"end":{"line":58,"column":5}},"27":{"start":{"line":48,"column":17},"end":{"line":48,"column":61}},"28":{"start":{"line":49,"column":4},"end":{"line":55,"column":6}},"29":{"start":{"line":50,"column":6},"end":{"line":54,"column":9}},"30":{"start":{"line":56,"column":4},"end":{"line":56,"column":31}},"31":{"start":{"line":59,"column":2},"end":{"line":59,"column":22}},"32":{"start":{"line":63,"column":0},"end":{"line":70,"column":2}}},"fnMap":{"0":{"name":"(anonymous_0)","decl":{"start":{"line":7,"column":21},"end":{"line":7,"column":22}},"loc":{"start":{"line":7,"column":32},"end":{"line":7,"column":52}},"line":7},"1":{"name":"(anonymous_1)","decl":{"start":{"line":11,"column":25},"end":{"line":11,"column":26}},"loc":{"start":{"line":11,"column":37},"end":{"line":11,"column":89}},"line":11},"2":{"name":"(anonymous_2)","decl":{"start":{"line":15,"column":15},"end":{"line":15,"column":16}},"loc":{"start":{"line":15,"column":26},"end":{"line":15,"column":53}},"line":15},"3":{"name":"(anonymous_3)","decl":{"start":{"line":19,"column":17},"end":{"line":19,"column":18}},"loc":{"start":{"line":19,"column":29},"end":{"line":19,"column":58}},"line":19},"4":{"name":"(anonymous_4)","decl":{"start":{"line":23,"column":19},"end":{"line":23,"column":20}},"loc":{"start":{"line":23,"column":34},"end":{"line":39,"column":1}},"line":23},"5":{"name":"(anonymous_5)","decl":{"start":{"line":33,"column":25},"end":{"line":33,"column":26}},"loc":{"start":{"line":33,"column":35},"end":{"line":36,"column":5}},"line":33},"6":{"name":"(anonymous_6)","decl":{"start":{"line":43,"column":19},"end":{"line":43,"column":20}},"loc":{"start":{"line":43,"column":30},"end":{"line":60,"column":1}},"line":43},"7":{"name":"(anonymous_7)","decl":{"start":{"line":47,"column":23},"end":{"line":47,"column":24}},"loc":{"start":{"line":47,"column":37},"end":{"line":58,"column":3}},"line":47},"8":{"name":"(anonymous_8)","decl":{"start":{"line":49,"column":20},"end":{"line":49,"column":21}},"loc":{"start":{"line":49,"column":45},"end":{"line":55,"column":5}},"line":49}},"branchMap":{"0":{"loc":{"start":{"line":11,"column":37},"end":{"line":11,"column":89}},"type":"cond-expr","locations":[{"start":{"line":11,"column":62},"end":{"line":11,"column":67}},{"start":{"line":11,"column":70},"end":{"line":11,"column":89}}],"line":11},"1":{"loc":{"start":{"line":26,"column":2},"end":{"line":37,"column":3}},"type":"if","locations":[{"start":{"line":26,"column":2},"end":{"line":37,"column":3}},{"start":{"line":26,"column":2},"end":{"line":37,"column":3}}],"line":26},"2":{"loc":{"start":{"line":27,"column":4},"end":{"line":29,"column":5}},"type":"if","locations":[{"start":{"line":27,"column":4},"end":{"line":29,"column":5}},{"start":{"line":27,"column":4},"end":{"line":29,"column":5}}],"line":27}},"s":{"0":2,"1":2,"2":2,"3":2,"4":2,"5":2,"6":52,"7":2,"8":52,"9":2,"10":31,"11":2,"12":50,"13":50,"14":50,"15":29,"16":15,"17":21,"18":21,"19":42,"20":42,"21":50,"22":2,"23":5,"24":5,"25":5,"26":5,"27":10,"28":10,"29":20,"30":10,"31":5,"32":2},"f":{"0":2,"1":52,"2":52,"3":31,"4":50,"5":42,"6":5,"7":10,"8":20},"b":{"0":[43,9],"1":[29,21],"2":[15,14]},"_coverageSchema":"1a1c01bbd47fc00a2c39e90264f33305004495a9","hash":"4c4a41f0c344a50b10457fd06d93b98d2f358eb2"}
,"D:\\LABORATORIA\\LIM012-fe-md-links\\src\\validate.js": {"path":"D:\\LABORATORIA\\LIM012-fe-md-links\\src\\validate.js","statementMap":{"0":{"start":{"line":1,"column":14},"end":{"line":1,"column":35}},"1":{"start":{"line":2,"column":15},"end":{"line":2,"column":35}},"2":{"start":{"line":4,"column":22},"end":{"line":28,"column":1}},"3":{"start":{"line":5,"column":21},"end":{"line":5,"column":45}},"4":{"start":{"line":6,"column":27},"end":{"line":25,"column":8}},"5":{"start":{"line":6,"column":55},"end":{"line":25,"column":7}},"6":{"start":{"line":8,"column":6},"end":{"line":14,"column":7}},"7":{"start":{"line":9,"column":8},"end":{"line":13,"column":10}},"8":{"start":{"line":15,"column":6},"end":{"line":19,"column":8}},"9":{"start":{"line":21,"column":18},"end":{"line":25,"column":5}},"10":{"start":{"line":27,"column":2},"end":{"line":27,"column":39}},"11":{"start":{"line":32,"column":0},"end":{"line":34,"column":2}}},"fnMap":{"0":{"name":"(anonymous_0)","decl":{"start":{"line":4,"column":22},"end":{"line":4,"column":23}},"loc":{"start":{"line":4,"column":33},"end":{"line":28,"column":1}},"line":4},"1":{"name":"(anonymous_1)","decl":{"start":{"line":6,"column":42},"end":{"line":6,"column":43}},"loc":{"start":{"line":6,"column":55},"end":{"line":25,"column":7}},"line":6},"2":{"name":"(anonymous_2)","decl":{"start":{"line":7,"column":10},"end":{"line":7,"column":11}},"loc":{"start":{"line":7,"column":19},"end":{"line":20,"column":5}},"line":7},"3":{"name":"(anonymous_3)","decl":{"start":{"line":21,"column":11},"end":{"line":21,"column":12}},"loc":{"start":{"line":21,"column":18},"end":{"line":25,"column":5}},"line":21}},"branchMap":{"0":{"loc":{"start":{"line":8,"column":6},"end":{"line":14,"column":7}},"type":"if","locations":[{"start":{"line":8,"column":6},"end":{"line":14,"column":7}},{"start":{"line":8,"column":6},"end":{"line":14,"column":7}}],"line":8}},"s":{"0":1,"1":1,"2":1,"3":2,"4":2,"5":8,"6":6,"7":4,"8":2,"9":2,"10":2,"11":1},"f":{"0":2,"1":8,"2":6,"3":2},"b":{"0":[4,2]},"_coverageSchema":"1a1c01bbd47fc00a2c39e90264f33305004495a9","hash":"0fb796dc2b80152e99902e5ffce807a302672e04"}
}
