TN:
SF:src\cli.js
FN:8,(anonymous_0)
FN:11,(anonymous_1)
FN:23,(anonymous_2)
FN:32,(anonymous_3)
FN:41,(anonymous_4)
FN:69,(anonymous_5)
FN:70,(anonymous_6)
FNF:7
FNH:2
FNDA:5,(anonymous_0)
FNDA:4,(anonymous_1)
FNDA:0,(anonymous_2)
FNDA:0,(anonymous_3)
FNDA:0,(anonymous_4)
FNDA:0,(anonymous_5)
FNDA:0,(anonymous_6)
DA:3,1
DA:4,1
DA:5,1
DA:8,1
DA:9,5
DA:10,5
DA:12,4
DA:13,4
DA:14,1
DA:16,4
DA:17,1
DA:19,4
DA:20,1
DA:22,4
DA:23,0
DA:24,0
DA:25,0
DA:27,0
DA:31,4
DA:32,1
DA:33,0
DA:36,4
DA:37,1
DA:39,4
DA:41,0
DA:44,1
DA:57,1
DA:58,1
DA:59,1
DA:60,0
DA:62,1
DA:63,1
DA:65,1
DA:66,0
DA:68,1
DA:69,0
DA:70,0
DA:73,0
DA:76,1
LF:39
LH:28
BRDA:13,0,0,1
BRDA:13,0,1,3
BRDA:16,1,0,1
BRDA:16,1,1,3
BRDA:16,2,0,4
BRDA:16,2,1,2
BRDA:16,2,2,3
BRDA:16,2,3,0
BRDA:19,3,0,1
BRDA:19,3,1,3
BRDA:19,4,0,4
BRDA:19,4,1,2
BRDA:22,5,0,0
BRDA:22,5,1,4
BRDA:22,6,0,4
BRDA:22,6,1,0
BRDA:24,7,0,0
BRDA:24,7,1,0
BRDA:31,8,0,1
BRDA:31,8,1,3
BRDA:31,9,0,4
BRDA:31,9,1,1
BRDA:36,10,0,1
BRDA:36,10,1,3
BRDA:36,11,0,4
BRDA:36,11,1,2
BRDA:36,11,2,2
BRDA:58,12,0,1
BRDA:58,12,1,0
BRDA:59,13,0,0
BRDA:59,13,1,1
BRDA:59,14,0,1
BRDA:59,14,1,1
BRDA:62,15,0,1
BRDA:62,15,1,0
BRDA:65,16,0,0
BRDA:65,16,1,1
BRDA:65,17,0,1
BRDA:65,17,1,1
BRF:39
BRH:30
end_of_record
TN:
SF:src\main.js
FN:7,(anonymous_0)
FN:11,(anonymous_1)
FN:15,(anonymous_2)
FN:19,(anonymous_3)
FN:23,(anonymous_4)
FN:32,(anonymous_5)
FN:42,(anonymous_6)
FN:46,(anonymous_7)
FN:48,(anonymous_8)
FNF:9
FNH:9
FNDA:10,(anonymous_0)
FNDA:95,(anonymous_1)
FNDA:95,(anonymous_2)
FNDA:55,(anonymous_3)
FNDA:93,(anonymous_4)
FNDA:78,(anonymous_5)
FNDA:12,(anonymous_6)
FNDA:22,(anonymous_7)
FNDA:44,(anonymous_8)
DA:2,4
DA:3,4
DA:4,4
DA:7,10
DA:11,95
DA:15,95
DA:19,55
DA:23,4
DA:24,93
DA:25,93
DA:26,93
DA:27,53
DA:28,27
DA:31,40
DA:32,40
DA:33,78
DA:34,78
DA:37,93
DA:42,4
DA:43,12
DA:44,12
DA:45,12
DA:46,12
DA:47,22
DA:48,22
DA:49,44
DA:55,22
DA:58,12
DA:62,4
LF:29
LH:29
BRDA:11,0,0,79
BRDA:11,0,1,16
BRDA:26,1,0,53
BRDA:26,1,1,40
BRDA:27,2,0,27
BRDA:27,2,1,26
BRF:6
BRH:6
end_of_record
TN:
SF:src\mdLinks.js
FN:4,(anonymous_0)
FN:4,(anonymous_1)
FNF:2
FNH:2
FNDA:8,(anonymous_0)
FNDA:8,(anonymous_1)
DA:1,2
DA:2,2
DA:4,8
DA:5,8
DA:6,7
DA:7,2
DA:9,5
DA:17,2
LF:8
LH:8
BRDA:4,0,0,1
BRDA:5,1,0,7
BRDA:5,1,1,1
BRDA:6,2,0,2
BRDA:6,2,1,5
BRF:5
BRH:5
end_of_record
TN:
SF:src\optionsCli.js
FN:4,(anonymous_0)
FN:6,(anonymous_1)
FN:7,(anonymous_2)
FN:13,(anonymous_3)
FN:15,(anonymous_4)
FN:21,(anonymous_5)
FNF:6
FNH:6
FNDA:3,(anonymous_0)
FNDA:12,(anonymous_1)
FNDA:12,(anonymous_2)
FNDA:3,(anonymous_3)
FNDA:12,(anonymous_4)
FNDA:9,(anonymous_5)
DA:1,2
DA:4,2
DA:5,3
DA:6,12
DA:7,12
DA:8,3
DA:9,3
DA:13,2
DA:14,3
DA:15,12
DA:16,3
DA:17,3
DA:21,2
DA:22,9
DA:23,4
DA:25,5
DA:29,2
LF:17
LH:17
BRDA:22,0,0,4
BRDA:22,0,1,5
BRDA:22,1,0,9
BRDA:22,1,1,3
BRDA:22,1,2,7
BRDA:22,1,3,2
BRDA:22,1,4,6
BRDA:22,1,5,1
BRF:8
BRH:8
end_of_record
TN:
SF:src\validate.js
FN:4,(anonymous_0)
FN:6,(anonymous_1)
FN:7,(anonymous_2)
FN:21,(anonymous_3)
FNF:4
FNH:4
FNDA:4,(anonymous_0)
FNDA:16,(anonymous_1)
FNDA:12,(anonymous_2)
FNDA:4,(anonymous_3)
DA:1,3
DA:2,3
DA:4,3
DA:5,4
DA:6,16
DA:8,12
DA:9,8
DA:15,4
DA:21,4
DA:27,4
DA:32,3
LF:11
LH:11
BRDA:8,0,0,8
BRDA:8,0,1,4
BRF:2
BRH:2
end_of_record
