TN:
SF:src\main.js
FN:7,(anonymous_0)
FN:11,(anonymous_1)
FN:15,(anonymous_2)
FN:19,(anonymous_3)
FN:23,(anonymous_4)
FN:33,(anonymous_5)
FN:43,(anonymous_6)
FN:47,(anonymous_7)
FN:49,(anonymous_8)
FNF:9
FNH:9
FNDA:2,(anonymous_0)
FNDA:52,(anonymous_1)
FNDA:52,(anonymous_2)
FNDA:31,(anonymous_3)
FNDA:50,(anonymous_4)
FNDA:42,(anonymous_5)
FNDA:5,(anonymous_6)
FNDA:10,(anonymous_7)
FNDA:20,(anonymous_8)
DA:2,2
DA:3,2
DA:4,2
DA:7,2
DA:11,52
DA:15,52
DA:19,31
DA:23,2
DA:24,50
DA:25,50
DA:26,50
DA:27,29
DA:28,15
DA:31,21
DA:33,21
DA:34,42
DA:35,42
DA:38,50
DA:43,2
DA:44,5
DA:45,5
DA:46,5
DA:47,5
DA:48,10
DA:49,10
DA:50,20
DA:56,10
DA:59,5
DA:63,2
LF:29
LH:29
BRDA:11,0,0,43
BRDA:11,0,1,9
BRDA:26,1,0,29
BRDA:26,1,1,21
BRDA:27,2,0,15
BRDA:27,2,1,14
BRF:6
BRH:6
end_of_record
TN:
SF:src\validate.js
FN:4,(anonymous_0)
FN:6,(anonymous_1)
FN:7,(anonymous_2)
FN:21,(anonymous_3)
FNF:4
FNH:4
FNDA:2,(anonymous_0)
FNDA:8,(anonymous_1)
FNDA:6,(anonymous_2)
FNDA:2,(anonymous_3)
DA:1,1
DA:2,1
DA:4,1
DA:5,2
DA:6,8
DA:8,6
DA:9,4
DA:15,2
DA:21,2
DA:27,2
DA:32,1
LF:11
LH:11
BRDA:8,0,0,4
BRDA:8,0,1,2
BRF:2
BRH:2
end_of_record
